[INFO ] 2016-10-22 00:11:31.289 [localhost-startStop-1] ContextLoader - Root WebApplicationContext: initialization completed in 11193 ms
[INFO ] 2016-10-22 01:14:21.776 [localhost-startStop-1] ContextLoader - Root WebApplicationContext: initialization completed in 11216 ms
[INFO ] 2016-10-22 01:14:28.584 [restartedMain] RequestMappingHandlerMapping - Mapped "{[/]}" onto public java.lang.String com.controllers.HomeController.goToIndex(org.springframework.ui.Model)
[INFO ] 2016-10-22 01:14:28.588 [restartedMain] RequestMappingHandlerMapping - Mapped "{[/error],methods=[GET]}" onto private java.lang.String com.controllers.LoginController.error()
[INFO ] 2016-10-22 01:14:28.589 [restartedMain] RequestMappingHandlerMapping - Mapped "{[/login],methods=[GET]}" onto private java.lang.String com.controllers.LoginController.login()
[INFO ] 2016-10-22 01:14:28.596 [restartedMain] RequestMappingHandlerMapping - Mapped "{[/error]}" onto public org.springframework.http.ResponseEntity<java.util.Map<java.lang.String, java.lang.Object>> org.springframework.boot.autoconfigure.web.BasicErrorController.error(javax.servlet.http.HttpServletRequest)
[INFO ] 2016-10-22 01:14:28.625 [restartedMain] RequestMappingHandlerMapping - Mapped "{[/error],produces=[text/html]}" onto public org.springframework.web.servlet.ModelAndView org.springframework.boot.autoconfigure.web.BasicErrorController.errorHtml(javax.servlet.http.HttpServletRequest,javax.servlet.http.HttpServletResponse)
[INFO ] 2016-10-22 01:14:28.754 [restartedMain] SimpleUrlHandlerMapping - Mapped URL path [/webjars/**] onto handler of type [class org.springframework.web.servlet.resource.ResourceHttpRequestHandler]
[INFO ] 2016-10-22 01:14:28.756 [restartedMain] SimpleUrlHandlerMapping - Mapped URL path [/**] onto handler of type [class org.springframework.web.servlet.resource.ResourceHttpRequestHandler]
[INFO ] 2016-10-22 01:14:29.054 [restartedMain] RequestMappingHandlerAdapter - Looking for @ControllerAdvice: org.springframework.boot.context.embedded.AnnotationConfigEmbeddedWebApplicationContext@16bfcfc3: startup date [Sat Oct 22 01:14:10 EEST 2016]; root of context hierarchy
[INFO ] 2016-10-22 01:14:50.303 [http-nio-8080-exec-1] DispatcherServlet - FrameworkServlet 'dispatcherServlet': initialization started
[INFO ] 2016-10-22 01:14:50.405 [http-nio-8080-exec-1] DispatcherServlet - FrameworkServlet 'dispatcherServlet': initialization completed in 101 ms
[INFO ] 2016-10-22 01:18:35.210 [localhost-startStop-1] ContextLoader - Root WebApplicationContext: initialization completed in 11248 ms
[INFO ] 2016-10-22 01:18:41.666 [restartedMain] RequestMappingHandlerMapping - Mapped "{[/]}" onto public java.lang.String com.controllers.HomeController.goToIndex(org.springframework.ui.Model)
[INFO ] 2016-10-22 01:18:41.671 [restartedMain] RequestMappingHandlerMapping - Mapped "{[/error],methods=[GET]}" onto private java.lang.String com.controllers.LoginController.error()
[INFO ] 2016-10-22 01:18:41.671 [restartedMain] RequestMappingHandlerMapping - Mapped "{[/login],methods=[GET]}" onto private java.lang.String com.controllers.LoginController.login()
[INFO ] 2016-10-22 01:18:41.678 [restartedMain] RequestMappingHandlerMapping - Mapped "{[/error]}" onto public org.springframework.http.ResponseEntity<java.util.Map<java.lang.String, java.lang.Object>> org.springframework.boot.autoconfigure.web.BasicErrorController.error(javax.servlet.http.HttpServletRequest)
[INFO ] 2016-10-22 01:18:41.679 [restartedMain] RequestMappingHandlerMapping - Mapped "{[/error],produces=[text/html]}" onto public org.springframework.web.servlet.ModelAndView org.springframework.boot.autoconfigure.web.BasicErrorController.errorHtml(javax.servlet.http.HttpServletRequest,javax.servlet.http.HttpServletResponse)
[INFO ] 2016-10-22 01:18:41.801 [restartedMain] SimpleUrlHandlerMapping - Mapped URL path [/webjars/**] onto handler of type [class org.springframework.web.servlet.resource.ResourceHttpRequestHandler]
[INFO ] 2016-10-22 01:18:41.802 [restartedMain] SimpleUrlHandlerMapping - Mapped URL path [/**] onto handler of type [class org.springframework.web.servlet.resource.ResourceHttpRequestHandler]
[INFO ] 2016-10-22 01:18:42.057 [restartedMain] RequestMappingHandlerAdapter - Looking for @ControllerAdvice: org.springframework.boot.context.embedded.AnnotationConfigEmbeddedWebApplicationContext@7a263906: startup date [Sat Oct 22 01:18:23 EEST 2016]; root of context hierarchy
[INFO ] 2016-10-22 01:25:03.418 [localhost-startStop-1] ContextLoader - Root WebApplicationContext: initialization completed in 11548 ms
[INFO ] 2016-10-22 01:25:10.467 [restartedMain] RequestMappingHandlerMapping - Mapped "{[/]}" onto public java.lang.String com.controllers.HomeController.goToIndex(org.springframework.ui.Model)
[INFO ] 2016-10-22 01:25:10.470 [restartedMain] RequestMappingHandlerMapping - Mapped "{[/error],methods=[GET]}" onto private java.lang.String com.controllers.LoginController.error()
[INFO ] 2016-10-22 01:25:10.470 [restartedMain] RequestMappingHandlerMapping - Mapped "{[/login],methods=[GET]}" onto private java.lang.String com.controllers.LoginController.login()
[INFO ] 2016-10-22 01:25:10.478 [restartedMain] RequestMappingHandlerMapping - Mapped "{[/error]}" onto public org.springframework.http.ResponseEntity<java.util.Map<java.lang.String, java.lang.Object>> org.springframework.boot.autoconfigure.web.BasicErrorController.error(javax.servlet.http.HttpServletRequest)
[INFO ] 2016-10-22 01:25:10.479 [restartedMain] RequestMappingHandlerMapping - Mapped "{[/error],produces=[text/html]}" onto public org.springframework.web.servlet.ModelAndView org.springframework.boot.autoconfigure.web.BasicErrorController.errorHtml(javax.servlet.http.HttpServletRequest,javax.servlet.http.HttpServletResponse)
[INFO ] 2016-10-22 01:25:10.737 [restartedMain] SimpleUrlHandlerMapping - Mapped URL path [/webjars/**] onto handler of type [class org.springframework.web.servlet.resource.ResourceHttpRequestHandler]
[INFO ] 2016-10-22 01:25:10.737 [restartedMain] SimpleUrlHandlerMapping - Mapped URL path [/**] onto handler of type [class org.springframework.web.servlet.resource.ResourceHttpRequestHandler]
[INFO ] 2016-10-22 01:25:10.944 [restartedMain] RequestMappingHandlerAdapter - Looking for @ControllerAdvice: org.springframework.boot.context.embedded.AnnotationConfigEmbeddedWebApplicationContext@b19fcc9: startup date [Sat Oct 22 01:24:51 EEST 2016]; root of context hierarchy
[INFO ] 2016-10-22 01:28:56.621 [http-nio-8080-exec-1] DispatcherServlet - FrameworkServlet 'dispatcherServlet': initialization started
[INFO ] 2016-10-22 01:28:56.663 [http-nio-8080-exec-1] DispatcherServlet - FrameworkServlet 'dispatcherServlet': initialization completed in 40 ms
[INFO ] 2016-10-22 20:24:17.713 [localhost-startStop-1] ContextLoader - Root WebApplicationContext: initialization completed in 13067 ms
[INFO ] 2016-10-22 20:24:25.856 [restartedMain] RequestMappingHandlerMapping - Mapped "{[/]}" onto public java.lang.String com.controllers.HomeController.goToIndex(org.springframework.ui.Model)
[INFO ] 2016-10-22 20:24:25.861 [restartedMain] RequestMappingHandlerMapping - Mapped "{[/error],methods=[GET]}" onto private java.lang.String com.controllers.LoginController.error()
[INFO ] 2016-10-22 20:24:25.861 [restartedMain] RequestMappingHandlerMapping - Mapped "{[/login],methods=[GET]}" onto private java.lang.String com.controllers.LoginController.login()
[INFO ] 2016-10-22 20:24:25.868 [restartedMain] RequestMappingHandlerMapping - Mapped "{[/error]}" onto public org.springframework.http.ResponseEntity<java.util.Map<java.lang.String, java.lang.Object>> org.springframework.boot.autoconfigure.web.BasicErrorController.error(javax.servlet.http.HttpServletRequest)
[INFO ] 2016-10-22 20:24:25.869 [restartedMain] RequestMappingHandlerMapping - Mapped "{[/error],produces=[text/html]}" onto public org.springframework.web.servlet.ModelAndView org.springframework.boot.autoconfigure.web.BasicErrorController.errorHtml(javax.servlet.http.HttpServletRequest,javax.servlet.http.HttpServletResponse)
[INFO ] 2016-10-22 20:24:26.155 [restartedMain] SimpleUrlHandlerMapping - Mapped URL path [/webjars/**] onto handler of type [class org.springframework.web.servlet.resource.ResourceHttpRequestHandler]
[INFO ] 2016-10-22 20:24:26.156 [restartedMain] SimpleUrlHandlerMapping - Mapped URL path [/**] onto handler of type [class org.springframework.web.servlet.resource.ResourceHttpRequestHandler]
[INFO ] 2016-10-22 20:24:26.447 [restartedMain] RequestMappingHandlerAdapter - Looking for @ControllerAdvice: org.springframework.boot.context.embedded.AnnotationConfigEmbeddedWebApplicationContext@7eae442e: startup date [Sat Oct 22 20:24:04 EEST 2016]; root of context hierarchy
[INFO ] 2016-10-22 20:39:29.965 [http-nio-8080-exec-1] DispatcherServlet - FrameworkServlet 'dispatcherServlet': initialization started
[INFO ] 2016-10-22 20:39:30.103 [http-nio-8080-exec-1] DispatcherServlet - FrameworkServlet 'dispatcherServlet': initialization completed in 134 ms
[INFO ] 2016-10-22 20:44:23.363 [localhost-startStop-1] ContextLoader - Root WebApplicationContext: initialization completed in 9963 ms
[INFO ] 2016-10-22 20:44:27.319 [restartedMain] RequestMappingHandlerMapping - Mapped "{[/]}" onto public java.lang.String com.controllers.HomeController.goToIndex(org.springframework.ui.Model)
[INFO ] 2016-10-22 20:44:27.322 [restartedMain] RequestMappingHandlerMapping - Mapped "{[/error],methods=[GET]}" onto private java.lang.String com.controllers.LoginController.error()
[INFO ] 2016-10-22 20:44:27.323 [restartedMain] RequestMappingHandlerMapping - Mapped "{[/login],methods=[GET]}" onto private java.lang.String com.controllers.LoginController.login()
[INFO ] 2016-10-22 20:44:27.324 [restartedMain] RequestMappingHandlerMapping - Mapped "{[/error]}" onto public org.springframework.http.ResponseEntity<java.util.Map<java.lang.String, java.lang.Object>> org.springframework.boot.autoconfigure.web.BasicErrorController.error(javax.servlet.http.HttpServletRequest)
[INFO ] 2016-10-22 20:44:27.325 [restartedMain] RequestMappingHandlerMapping - Mapped "{[/error],produces=[text/html]}" onto public org.springframework.web.servlet.ModelAndView org.springframework.boot.autoconfigure.web.BasicErrorController.errorHtml(javax.servlet.http.HttpServletRequest,javax.servlet.http.HttpServletResponse)
[INFO ] 2016-10-22 20:44:27.660 [restartedMain] SimpleUrlHandlerMapping - Mapped URL path [/webjars/**] onto handler of type [class org.springframework.web.servlet.resource.ResourceHttpRequestHandler]
[INFO ] 2016-10-22 20:44:27.660 [restartedMain] SimpleUrlHandlerMapping - Mapped URL path [/**] onto handler of type [class org.springframework.web.servlet.resource.ResourceHttpRequestHandler]
[INFO ] 2016-10-22 20:44:27.752 [restartedMain] RequestMappingHandlerAdapter - Looking for @ControllerAdvice: org.springframework.boot.context.embedded.AnnotationConfigEmbeddedWebApplicationContext@6527cad3: startup date [Sat Oct 22 20:44:13 EEST 2016]; root of context hierarchy
[INFO ] 2016-10-22 20:44:30.870 [http-nio-8080-exec-1] DispatcherServlet - FrameworkServlet 'dispatcherServlet': initialization started
[INFO ] 2016-10-22 20:44:30.875 [http-nio-8080-exec-1] DispatcherServlet - FrameworkServlet 'dispatcherServlet': initialization completed in 5 ms
[INFO ] 2016-10-22 20:45:16.675 [localhost-startStop-1] ContextLoader - Root WebApplicationContext: initialization completed in 6805 ms
[INFO ] 2016-10-22 20:45:19.057 [restartedMain] RequestMappingHandlerMapping - Mapped "{[/]}" onto public java.lang.String com.controllers.HomeController.goToIndex(org.springframework.ui.Model)
[INFO ] 2016-10-22 20:45:19.124 [restartedMain] RequestMappingHandlerMapping - Mapped "{[/error],methods=[GET]}" onto private java.lang.String com.controllers.LoginController.error()
[INFO ] 2016-10-22 20:45:19.128 [restartedMain] RequestMappingHandlerMapping - Mapped "{[/login],methods=[GET]}" onto private java.lang.String com.controllers.LoginController.login()
[INFO ] 2016-10-22 20:45:19.130 [restartedMain] RequestMappingHandlerMapping - Mapped "{[/error]}" onto public org.springframework.http.ResponseEntity<java.util.Map<java.lang.String, java.lang.Object>> org.springframework.boot.autoconfigure.web.BasicErrorController.error(javax.servlet.http.HttpServletRequest)
[INFO ] 2016-10-22 20:45:19.130 [restartedMain] RequestMappingHandlerMapping - Mapped "{[/error],produces=[text/html]}" onto public org.springframework.web.servlet.ModelAndView org.springframework.boot.autoconfigure.web.BasicErrorController.errorHtml(javax.servlet.http.HttpServletRequest,javax.servlet.http.HttpServletResponse)
[INFO ] 2016-10-22 20:45:19.206 [restartedMain] SimpleUrlHandlerMapping - Mapped URL path [/webjars/**] onto handler of type [class org.springframework.web.servlet.resource.ResourceHttpRequestHandler]
[INFO ] 2016-10-22 20:45:19.206 [restartedMain] SimpleUrlHandlerMapping - Mapped URL path [/**] onto handler of type [class org.springframework.web.servlet.resource.ResourceHttpRequestHandler]
[INFO ] 2016-10-22 20:45:19.323 [restartedMain] RequestMappingHandlerAdapter - Looking for @ControllerAdvice: org.springframework.boot.context.embedded.AnnotationConfigEmbeddedWebApplicationContext@86d195d: startup date [Sat Oct 22 20:45:09 EEST 2016]; root of context hierarchy
[INFO ] 2016-10-22 20:45:24.785 [http-nio-8080-exec-1] DispatcherServlet - FrameworkServlet 'dispatcherServlet': initialization started
[INFO ] 2016-10-22 20:45:24.791 [http-nio-8080-exec-1] DispatcherServlet - FrameworkServlet 'dispatcherServlet': initialization completed in 5 ms
[INFO ] 2016-10-22 21:00:43.718 [localhost-startStop-1] ContextLoader - Root WebApplicationContext: initialization completed in 11047 ms
[INFO ] 2016-10-22 21:00:53.168 [restartedMain] RequestMappingHandlerMapping - Mapped "{[/]}" onto public java.lang.String com.controllers.HomeController.goToIndex(org.springframework.ui.Model)
[INFO ] 2016-10-22 21:00:53.171 [restartedMain] RequestMappingHandlerMapping - Mapped "{[/error],methods=[GET]}" onto private java.lang.String com.controllers.LoginController.error()
[INFO ] 2016-10-22 21:00:53.171 [restartedMain] RequestMappingHandlerMapping - Mapped "{[/login],methods=[GET]}" onto private java.lang.String com.controllers.LoginController.login()
[INFO ] 2016-10-22 21:00:53.176 [restartedMain] RequestMappingHandlerMapping - Mapped "{[/error]}" onto public org.springframework.http.ResponseEntity<java.util.Map<java.lang.String, java.lang.Object>> org.springframework.boot.autoconfigure.web.BasicErrorController.error(javax.servlet.http.HttpServletRequest)
[INFO ] 2016-10-22 21:00:53.177 [restartedMain] RequestMappingHandlerMapping - Mapped "{[/error],produces=[text/html]}" onto public org.springframework.web.servlet.ModelAndView org.springframework.boot.autoconfigure.web.BasicErrorController.errorHtml(javax.servlet.http.HttpServletRequest,javax.servlet.http.HttpServletResponse)
[INFO ] 2016-10-22 21:00:53.447 [restartedMain] SimpleUrlHandlerMapping - Mapped URL path [/webjars/**] onto handler of type [class org.springframework.web.servlet.resource.ResourceHttpRequestHandler]
[INFO ] 2016-10-22 21:00:53.448 [restartedMain] SimpleUrlHandlerMapping - Mapped URL path [/**] onto handler of type [class org.springframework.web.servlet.resource.ResourceHttpRequestHandler]
[INFO ] 2016-10-22 21:00:53.818 [restartedMain] RequestMappingHandlerAdapter - Looking for @ControllerAdvice: org.springframework.boot.context.embedded.AnnotationConfigEmbeddedWebApplicationContext@261c2c6f: startup date [Sat Oct 22 21:00:32 EEST 2016]; root of context hierarchy
[INFO ] 2016-10-22 21:14:11.541 [http-nio-8080-exec-1] DispatcherServlet - FrameworkServlet 'dispatcherServlet': initialization started
[INFO ] 2016-10-22 21:14:11.631 [http-nio-8080-exec-1] DispatcherServlet - FrameworkServlet 'dispatcherServlet': initialization completed in 87 ms
[INFO ] 2016-12-02 16:38:49.811 [localhost-startStop-1] ContextLoader - Root WebApplicationContext: initialization completed in 24557 ms
[INFO ] 2016-12-02 16:39:08.339 [restartedMain] RequestMappingHandlerMapping - Mapped "{[/]}" onto public java.lang.String com.controllers.HomeController.goToIndex(org.springframework.ui.Model)
[INFO ] 2016-12-02 16:39:08.348 [restartedMain] RequestMappingHandlerMapping - Mapped "{[/error],methods=[GET]}" onto private java.lang.String com.controllers.LoginController.error()
[INFO ] 2016-12-02 16:39:08.349 [restartedMain] RequestMappingHandlerMapping - Mapped "{[/login],methods=[GET]}" onto private java.lang.String com.controllers.LoginController.login()
[INFO ] 2016-12-02 16:39:08.361 [restartedMain] RequestMappingHandlerMapping - Mapped "{[/error]}" onto public org.springframework.http.ResponseEntity<java.util.Map<java.lang.String, java.lang.Object>> org.springframework.boot.autoconfigure.web.BasicErrorController.error(javax.servlet.http.HttpServletRequest)
[INFO ] 2016-12-02 16:39:08.362 [restartedMain] RequestMappingHandlerMapping - Mapped "{[/error],produces=[text/html]}" onto public org.springframework.web.servlet.ModelAndView org.springframework.boot.autoconfigure.web.BasicErrorController.errorHtml(javax.servlet.http.HttpServletRequest,javax.servlet.http.HttpServletResponse)
[INFO ] 2016-12-02 16:39:09.561 [restartedMain] SimpleUrlHandlerMapping - Mapped URL path [/webjars/**] onto handler of type [class org.springframework.web.servlet.resource.ResourceHttpRequestHandler]
[INFO ] 2016-12-02 16:39:09.562 [restartedMain] SimpleUrlHandlerMapping - Mapped URL path [/**] onto handler of type [class org.springframework.web.servlet.resource.ResourceHttpRequestHandler]
[INFO ] 2016-12-02 16:39:10.126 [restartedMain] RequestMappingHandlerAdapter - Looking for @ControllerAdvice: org.springframework.boot.context.embedded.AnnotationConfigEmbeddedWebApplicationContext@71eafdac: startup date [Fri Dec 02 16:38:25 EET 2016]; root of context hierarchy
[INFO ] 2016-12-02 16:47:05.977 [http-nio-8080-exec-1] DispatcherServlet - FrameworkServlet 'dispatcherServlet': initialization started
[INFO ] 2016-12-02 16:47:06.052 [http-nio-8080-exec-1] DispatcherServlet - FrameworkServlet 'dispatcherServlet': initialization completed in 72 ms
[INFO ] 2016-12-02 16:59:05.998 [localhost-startStop-1] ContextLoader - Root WebApplicationContext: initialization completed in 11539 ms
[INFO ] 2016-12-02 16:59:14.266 [restartedMain] RequestMappingHandlerMapping - Mapped "{[/]}" onto public java.lang.String com.controllers.HomeController.goToIndex(org.springframework.ui.Model)
[INFO ] 2016-12-02 16:59:14.272 [restartedMain] RequestMappingHandlerMapping - Mapped "{[/error],methods=[GET]}" onto private java.lang.String com.controllers.LoginController.error()
[INFO ] 2016-12-02 16:59:14.272 [restartedMain] RequestMappingHandlerMapping - Mapped "{[/login],methods=[GET]}" onto private java.lang.String com.controllers.LoginController.login()
[INFO ] 2016-12-02 16:59:14.279 [restartedMain] RequestMappingHandlerMapping - Mapped "{[/error]}" onto public org.springframework.http.ResponseEntity<java.util.Map<java.lang.String, java.lang.Object>> org.springframework.boot.autoconfigure.web.BasicErrorController.error(javax.servlet.http.HttpServletRequest)
[INFO ] 2016-12-02 16:59:14.280 [restartedMain] RequestMappingHandlerMapping - Mapped "{[/error],produces=[text/html]}" onto public org.springframework.web.servlet.ModelAndView org.springframework.boot.autoconfigure.web.BasicErrorController.errorHtml(javax.servlet.http.HttpServletRequest,javax.servlet.http.HttpServletResponse)
[INFO ] 2016-12-02 16:59:14.508 [restartedMain] SimpleUrlHandlerMapping - Mapped URL path [/webjars/**] onto handler of type [class org.springframework.web.servlet.resource.ResourceHttpRequestHandler]
[INFO ] 2016-12-02 16:59:14.508 [restartedMain] SimpleUrlHandlerMapping - Mapped URL path [/**] onto handler of type [class org.springframework.web.servlet.resource.ResourceHttpRequestHandler]
[INFO ] 2016-12-02 16:59:14.780 [restartedMain] RequestMappingHandlerAdapter - Looking for @ControllerAdvice: org.springframework.boot.context.embedded.AnnotationConfigEmbeddedWebApplicationContext@13d6911f: startup date [Fri Dec 02 16:58:54 EET 2016]; root of context hierarchy
[INFO ] 2016-12-02 16:59:24.771 [http-nio-8080-exec-1] DispatcherServlet - FrameworkServlet 'dispatcherServlet': initialization started
[INFO ] 2016-12-02 16:59:24.781 [http-nio-8080-exec-1] DispatcherServlet - FrameworkServlet 'dispatcherServlet': initialization completed in 9 ms
[INFO ] 2016-12-02 16:59:59.864 [localhost-startStop-1] ContextLoader - Root WebApplicationContext: initialization completed in 17926 ms
[INFO ] 2016-12-02 17:00:12.796 [restartedMain] RequestMappingHandlerMapping - Mapped "{[/]}" onto public java.lang.String com.controllers.HomeController.goToIndex(org.springframework.ui.Model)
[INFO ] 2016-12-02 17:00:12.801 [restartedMain] RequestMappingHandlerMapping - Mapped "{[/error],methods=[GET]}" onto private java.lang.String com.controllers.LoginController.error()
[INFO ] 2016-12-02 17:00:12.801 [restartedMain] RequestMappingHandlerMapping - Mapped "{[/login],methods=[GET]}" onto private java.lang.String com.controllers.LoginController.login()
[INFO ] 2016-12-02 17:00:12.945 [restartedMain] RequestMappingHandlerMapping - Mapped "{[/error]}" onto public org.springframework.http.ResponseEntity<java.util.Map<java.lang.String, java.lang.Object>> org.springframework.boot.autoconfigure.web.BasicErrorController.error(javax.servlet.http.HttpServletRequest)
[INFO ] 2016-12-02 17:00:12.945 [restartedMain] RequestMappingHandlerMapping - Mapped "{[/error],produces=[text/html]}" onto public org.springframework.web.servlet.ModelAndView org.springframework.boot.autoconfigure.web.BasicErrorController.errorHtml(javax.servlet.http.HttpServletRequest,javax.servlet.http.HttpServletResponse)
[INFO ] 2016-12-02 17:00:13.222 [restartedMain] SimpleUrlHandlerMapping - Mapped URL path [/webjars/**] onto handler of type [class org.springframework.web.servlet.resource.ResourceHttpRequestHandler]
[INFO ] 2016-12-02 17:00:13.223 [restartedMain] SimpleUrlHandlerMapping - Mapped URL path [/**] onto handler of type [class org.springframework.web.servlet.resource.ResourceHttpRequestHandler]
[INFO ] 2016-12-02 17:00:13.497 [restartedMain] RequestMappingHandlerAdapter - Looking for @ControllerAdvice: org.springframework.boot.context.embedded.AnnotationConfigEmbeddedWebApplicationContext@63fd5cdf: startup date [Fri Dec 02 16:59:41 EET 2016]; root of context hierarchy
[INFO ] 2016-12-02 17:01:41.751 [localhost-startStop-1] ContextLoader - Root WebApplicationContext: initialization completed in 23478 ms
[INFO ] 2016-12-02 17:01:50.826 [restartedMain] RequestMappingHandlerMapping - Mapped "{[/]}" onto public java.lang.String com.controllers.HomeController.goToIndex(org.springframework.ui.Model)
[INFO ] 2016-12-02 17:01:50.833 [restartedMain] RequestMappingHandlerMapping - Mapped "{[/error],methods=[GET]}" onto private java.lang.String com.controllers.LoginController.error()
[INFO ] 2016-12-02 17:01:50.834 [restartedMain] RequestMappingHandlerMapping - Mapped "{[/login],methods=[GET]}" onto private java.lang.String com.controllers.LoginController.login()
[INFO ] 2016-12-02 17:01:50.865 [restartedMain] RequestMappingHandlerMapping - Mapped "{[/error]}" onto public org.springframework.http.ResponseEntity<java.util.Map<java.lang.String, java.lang.Object>> org.springframework.boot.autoconfigure.web.BasicErrorController.error(javax.servlet.http.HttpServletRequest)
[INFO ] 2016-12-02 17:01:50.867 [restartedMain] RequestMappingHandlerMapping - Mapped "{[/error],produces=[text/html]}" onto public org.springframework.web.servlet.ModelAndView org.springframework.boot.autoconfigure.web.BasicErrorController.errorHtml(javax.servlet.http.HttpServletRequest,javax.servlet.http.HttpServletResponse)
[INFO ] 2016-12-02 17:01:51.281 [restartedMain] SimpleUrlHandlerMapping - Mapped URL path [/webjars/**] onto handler of type [class org.springframework.web.servlet.resource.ResourceHttpRequestHandler]
[INFO ] 2016-12-02 17:01:51.282 [restartedMain] SimpleUrlHandlerMapping - Mapped URL path [/**] onto handler of type [class org.springframework.web.servlet.resource.ResourceHttpRequestHandler]
[INFO ] 2016-12-02 17:01:51.514 [restartedMain] RequestMappingHandlerAdapter - Looking for @ControllerAdvice: org.springframework.boot.context.embedded.AnnotationConfigEmbeddedWebApplicationContext@72c712b3: startup date [Fri Dec 02 17:01:18 EET 2016]; root of context hierarchy
[INFO ] 2016-12-03 15:21:43.452 [localhost-startStop-1] ContextLoader - Root WebApplicationContext: initialization completed in 12401 ms
[INFO ] 2016-12-03 15:21:51.267 [restartedMain] RequestMappingHandlerMapping - Mapped "{[/]}" onto public java.lang.String com.controllers.HomeController.goToIndex(org.springframework.ui.Model)
[INFO ] 2016-12-03 15:21:51.270 [restartedMain] RequestMappingHandlerMapping - Mapped "{[/error],methods=[GET]}" onto private java.lang.String com.controllers.LoginController.error()
[INFO ] 2016-12-03 15:21:51.271 [restartedMain] RequestMappingHandlerMapping - Mapped "{[/login],methods=[GET]}" onto private java.lang.String com.controllers.LoginController.login()
[INFO ] 2016-12-03 15:21:51.284 [restartedMain] RequestMappingHandlerMapping - Mapped "{[/error]}" onto public org.springframework.http.ResponseEntity<java.util.Map<java.lang.String, java.lang.Object>> org.springframework.boot.autoconfigure.web.BasicErrorController.error(javax.servlet.http.HttpServletRequest)
[INFO ] 2016-12-03 15:21:51.285 [restartedMain] RequestMappingHandlerMapping - Mapped "{[/error],produces=[text/html]}" onto public org.springframework.web.servlet.ModelAndView org.springframework.boot.autoconfigure.web.BasicErrorController.errorHtml(javax.servlet.http.HttpServletRequest,javax.servlet.http.HttpServletResponse)
[INFO ] 2016-12-03 15:21:52.042 [restartedMain] SimpleUrlHandlerMapping - Mapped URL path [/webjars/**] onto handler of type [class org.springframework.web.servlet.resource.ResourceHttpRequestHandler]
[INFO ] 2016-12-03 15:21:52.043 [restartedMain] SimpleUrlHandlerMapping - Mapped URL path [/**] onto handler of type [class org.springframework.web.servlet.resource.ResourceHttpRequestHandler]
[INFO ] 2016-12-03 15:21:52.771 [restartedMain] RequestMappingHandlerAdapter - Looking for @ControllerAdvice: org.springframework.boot.context.embedded.AnnotationConfigEmbeddedWebApplicationContext@3c0b4119: startup date [Sat Dec 03 15:21:31 EET 2016]; root of context hierarchy
[INFO ] 2016-12-03 15:23:40.603 [http-nio-8080-exec-1] DispatcherServlet - FrameworkServlet 'dispatcherServlet': initialization started
[INFO ] 2016-12-03 15:23:40.642 [http-nio-8080-exec-1] DispatcherServlet - FrameworkServlet 'dispatcherServlet': initialization completed in 38 ms
[INFO ] 2016-12-03 19:21:45.864 [localhost-startStop-1] ContextLoader - Root WebApplicationContext: initialization completed in 12474 ms
[INFO ] 2016-12-03 19:21:53.328 [restartedMain] RequestMappingHandlerMapping - Mapped "{[/]}" onto public java.lang.String com.controllers.HomeController.goToIndex(org.springframework.ui.Model)
[INFO ] 2016-12-03 19:21:53.332 [restartedMain] RequestMappingHandlerMapping - Mapped "{[/error],methods=[GET]}" onto private java.lang.String com.controllers.LoginController.error()
[INFO ] 2016-12-03 19:21:53.332 [restartedMain] RequestMappingHandlerMapping - Mapped "{[/login],methods=[GET]}" onto private java.lang.String com.controllers.LoginController.login()
[INFO ] 2016-12-03 19:21:53.339 [restartedMain] RequestMappingHandlerMapping - Mapped "{[/error]}" onto public org.springframework.http.ResponseEntity<java.util.Map<java.lang.String, java.lang.Object>> org.springframework.boot.autoconfigure.web.BasicErrorController.error(javax.servlet.http.HttpServletRequest)
[INFO ] 2016-12-03 19:21:53.339 [restartedMain] RequestMappingHandlerMapping - Mapped "{[/error],produces=[text/html]}" onto public org.springframework.web.servlet.ModelAndView org.springframework.boot.autoconfigure.web.BasicErrorController.errorHtml(javax.servlet.http.HttpServletRequest,javax.servlet.http.HttpServletResponse)
[INFO ] 2016-12-03 19:21:53.526 [restartedMain] SimpleUrlHandlerMapping - Mapped URL path [/webjars/**] onto handler of type [class org.springframework.web.servlet.resource.ResourceHttpRequestHandler]
[INFO ] 2016-12-03 19:21:53.527 [restartedMain] SimpleUrlHandlerMapping - Mapped URL path [/**] onto handler of type [class org.springframework.web.servlet.resource.ResourceHttpRequestHandler]
[INFO ] 2016-12-03 19:21:53.778 [restartedMain] RequestMappingHandlerAdapter - Looking for @ControllerAdvice: org.springframework.boot.context.embedded.AnnotationConfigEmbeddedWebApplicationContext@7a263906: startup date [Sat Dec 03 19:21:33 EET 2016]; root of context hierarchy
[INFO ] 2016-12-03 19:22:05.156 [http-nio-8080-exec-1] DispatcherServlet - FrameworkServlet 'dispatcherServlet': initialization started
[INFO ] 2016-12-03 19:22:05.193 [http-nio-8080-exec-1] DispatcherServlet - FrameworkServlet 'dispatcherServlet': initialization completed in 36 ms
[INFO ] 2016-12-03 20:37:07.401 [localhost-startStop-1] ContextLoader - Root WebApplicationContext: initialization completed in 11324 ms
[INFO ] 2016-12-03 20:37:14.479 [restartedMain] RequestMappingHandlerMapping - Mapped "{[/]}" onto public java.lang.String com.controllers.HomeController.goToIndex(org.springframework.ui.Model)
[INFO ] 2016-12-03 20:37:14.486 [restartedMain] RequestMappingHandlerMapping - Mapped "{[/error],methods=[GET]}" onto private java.lang.String com.controllers.LoginController.error()
[INFO ] 2016-12-03 20:37:14.486 [restartedMain] RequestMappingHandlerMapping - Mapped "{[/login],methods=[GET]}" onto private java.lang.String com.controllers.LoginController.login()
[INFO ] 2016-12-03 20:37:14.494 [restartedMain] RequestMappingHandlerMapping - Mapped "{[/error]}" onto public org.springframework.http.ResponseEntity<java.util.Map<java.lang.String, java.lang.Object>> org.springframework.boot.autoconfigure.web.BasicErrorController.error(javax.servlet.http.HttpServletRequest)
[INFO ] 2016-12-03 20:37:14.494 [restartedMain] RequestMappingHandlerMapping - Mapped "{[/error],produces=[text/html]}" onto public org.springframework.web.servlet.ModelAndView org.springframework.boot.autoconfigure.web.BasicErrorController.errorHtml(javax.servlet.http.HttpServletRequest,javax.servlet.http.HttpServletResponse)
[INFO ] 2016-12-03 20:37:14.621 [restartedMain] SimpleUrlHandlerMapping - Mapped URL path [/webjars/**] onto handler of type [class org.springframework.web.servlet.resource.ResourceHttpRequestHandler]
[INFO ] 2016-12-03 20:37:14.622 [restartedMain] SimpleUrlHandlerMapping - Mapped URL path [/**] onto handler of type [class org.springframework.web.servlet.resource.ResourceHttpRequestHandler]
[INFO ] 2016-12-03 20:37:14.833 [restartedMain] RequestMappingHandlerAdapter - Looking for @ControllerAdvice: org.springframework.boot.context.embedded.AnnotationConfigEmbeddedWebApplicationContext@ba89303: startup date [Sat Dec 03 20:36:56 EET 2016]; root of context hierarchy
[INFO ] 2016-12-03 20:53:30.187 [http-nio-8080-exec-1] DispatcherServlet - FrameworkServlet 'dispatcherServlet': initialization started
[INFO ] 2016-12-03 20:53:31.037 [http-nio-8080-exec-1] DispatcherServlet - FrameworkServlet 'dispatcherServlet': initialization completed in 820 ms
[INFO ] 2016-12-03 20:55:43.752 [localhost-startStop-1] ContextLoader - Root WebApplicationContext: initialization completed in 28116 ms
[INFO ] 2016-12-03 20:55:56.779 [restartedMain] RequestMappingHandlerMapping - Mapped "{[/]}" onto public java.lang.String com.controllers.HomeController.goToIndex(org.springframework.ui.Model)
[INFO ] 2016-12-03 20:55:56.781 [restartedMain] RequestMappingHandlerMapping - Mapped "{[/error],methods=[GET]}" onto private java.lang.String com.controllers.LoginController.error()
[INFO ] 2016-12-03 20:55:56.781 [restartedMain] RequestMappingHandlerMapping - Mapped "{[/login],methods=[GET]}" onto private java.lang.String com.controllers.LoginController.login()
[INFO ] 2016-12-03 20:55:56.848 [restartedMain] RequestMappingHandlerMapping - Mapped "{[/error]}" onto public org.springframework.http.ResponseEntity<java.util.Map<java.lang.String, java.lang.Object>> org.springframework.boot.autoconfigure.web.BasicErrorController.error(javax.servlet.http.HttpServletRequest)
[INFO ] 2016-12-03 20:55:56.848 [restartedMain] RequestMappingHandlerMapping - Mapped "{[/error],produces=[text/html]}" onto public org.springframework.web.servlet.ModelAndView org.springframework.boot.autoconfigure.web.BasicErrorController.errorHtml(javax.servlet.http.HttpServletRequest,javax.servlet.http.HttpServletResponse)
[INFO ] 2016-12-03 20:55:57.350 [restartedMain] SimpleUrlHandlerMapping - Mapped URL path [/webjars/**] onto handler of type [class org.springframework.web.servlet.resource.ResourceHttpRequestHandler]
[INFO ] 2016-12-03 20:55:57.351 [restartedMain] SimpleUrlHandlerMapping - Mapped URL path [/**] onto handler of type [class org.springframework.web.servlet.resource.ResourceHttpRequestHandler]
[INFO ] 2016-12-03 20:55:58.196 [restartedMain] RequestMappingHandlerAdapter - Looking for @ControllerAdvice: org.springframework.boot.context.embedded.AnnotationConfigEmbeddedWebApplicationContext@63fd5cdf: startup date [Sat Dec 03 20:55:15 EET 2016]; root of context hierarchy
[INFO ] 2016-12-03 21:54:35.997 [http-nio-8080-exec-1] DispatcherServlet - FrameworkServlet 'dispatcherServlet': initialization started
[INFO ] 2016-12-03 21:54:36.138 [http-nio-8080-exec-1] DispatcherServlet - FrameworkServlet 'dispatcherServlet': initialization completed in 134 ms
[INFO ] 2016-12-03 22:10:17.514 [localhost-startStop-1] ContextLoader - Root WebApplicationContext: initialization completed in 17515 ms
[INFO ] 2016-12-03 23:51:42.826 [localhost-startStop-1] ContextLoader - Root WebApplicationContext: initialization completed in 22589 ms
[INFO ] 2016-12-03 23:51:54.577 [restartedMain] RequestMappingHandlerMapping - Mapped "{[/]}" onto public java.lang.String com.controllers.HomeController.goToIndex(org.springframework.ui.Model)
[INFO ] 2016-12-03 23:51:54.580 [restartedMain] RequestMappingHandlerMapping - Mapped "{[/error],methods=[GET]}" onto private java.lang.String com.controllers.LoginController.error()
[INFO ] 2016-12-03 23:51:54.580 [restartedMain] RequestMappingHandlerMapping - Mapped "{[/login],methods=[GET]}" onto private java.lang.String com.controllers.LoginController.login()
[INFO ] 2016-12-03 23:51:54.587 [restartedMain] RequestMappingHandlerMapping - Mapped "{[/error]}" onto public org.springframework.http.ResponseEntity<java.util.Map<java.lang.String, java.lang.Object>> org.springframework.boot.autoconfigure.web.BasicErrorController.error(javax.servlet.http.HttpServletRequest)
[INFO ] 2016-12-03 23:51:54.588 [restartedMain] RequestMappingHandlerMapping - Mapped "{[/error],produces=[text/html]}" onto public org.springframework.web.servlet.ModelAndView org.springframework.boot.autoconfigure.web.BasicErrorController.errorHtml(javax.servlet.http.HttpServletRequest,javax.servlet.http.HttpServletResponse)
[INFO ] 2016-12-03 23:51:55.114 [restartedMain] SimpleUrlHandlerMapping - Mapped URL path [/webjars/**] onto handler of type [class org.springframework.web.servlet.resource.ResourceHttpRequestHandler]
[INFO ] 2016-12-03 23:51:55.115 [restartedMain] SimpleUrlHandlerMapping - Mapped URL path [/**] onto handler of type [class org.springframework.web.servlet.resource.ResourceHttpRequestHandler]
[INFO ] 2016-12-03 23:51:55.698 [restartedMain] RequestMappingHandlerAdapter - Looking for @ControllerAdvice: org.springframework.boot.context.embedded.AnnotationConfigEmbeddedWebApplicationContext@7750af25: startup date [Sat Dec 03 23:51:20 EET 2016]; root of context hierarchy
[INFO ] 2016-12-04 00:05:03.161 [http-nio-8080-exec-1] DispatcherServlet - FrameworkServlet 'dispatcherServlet': initialization started
[INFO ] 2016-12-04 00:05:03.209 [http-nio-8080-exec-1] DispatcherServlet - FrameworkServlet 'dispatcherServlet': initialization completed in 45 ms
[INFO ] 2016-12-04 00:17:59.078 [localhost-startStop-1] ContextLoader - Root WebApplicationContext: initialization completed in 13921 ms
[INFO ] 2016-12-04 00:18:11.889 [restartedMain] RequestMappingHandlerMapping - Mapped "{[/]}" onto public java.lang.String com.controllers.HomeController.goToIndex(org.springframework.ui.Model)
[INFO ] 2016-12-04 00:18:11.892 [restartedMain] RequestMappingHandlerMapping - Mapped "{[/error],methods=[GET]}" onto private java.lang.String com.controllers.LoginController.error()
[INFO ] 2016-12-04 00:18:11.893 [restartedMain] RequestMappingHandlerMapping - Mapped "{[/login],methods=[GET]}" onto private java.lang.String com.controllers.LoginController.login()
[INFO ] 2016-12-04 00:18:11.902 [restartedMain] RequestMappingHandlerMapping - Mapped "{[/error]}" onto public org.springframework.http.ResponseEntity<java.util.Map<java.lang.String, java.lang.Object>> org.springframework.boot.autoconfigure.web.BasicErrorController.error(javax.servlet.http.HttpServletRequest)
[INFO ] 2016-12-04 00:18:11.903 [restartedMain] RequestMappingHandlerMapping - Mapped "{[/error],produces=[text/html]}" onto public org.springframework.web.servlet.ModelAndView org.springframework.boot.autoconfigure.web.BasicErrorController.errorHtml(javax.servlet.http.HttpServletRequest,javax.servlet.http.HttpServletResponse)
[INFO ] 2016-12-04 00:18:12.171 [restartedMain] SimpleUrlHandlerMapping - Mapped URL path [/webjars/**] onto handler of type [class org.springframework.web.servlet.resource.ResourceHttpRequestHandler]
[INFO ] 2016-12-04 00:18:12.172 [restartedMain] SimpleUrlHandlerMapping - Mapped URL path [/**] onto handler of type [class org.springframework.web.servlet.resource.ResourceHttpRequestHandler]
[INFO ] 2016-12-04 00:18:12.366 [restartedMain] RequestMappingHandlerAdapter - Looking for @ControllerAdvice: org.springframework.boot.context.embedded.AnnotationConfigEmbeddedWebApplicationContext@256f84d9: startup date [Sun Dec 04 00:17:45 EET 2016]; root of context hierarchy
[INFO ] 2016-12-04 00:18:36.213 [http-nio-8080-exec-1] DispatcherServlet - FrameworkServlet 'dispatcherServlet': initialization started
[INFO ] 2016-12-04 00:18:36.251 [http-nio-8080-exec-1] DispatcherServlet - FrameworkServlet 'dispatcherServlet': initialization completed in 37 ms
[INFO ] 2016-12-04 00:48:34.446 [localhost-startStop-1] ContextLoader - Root WebApplicationContext: initialization completed in 9091 ms
[INFO ] 2016-12-04 00:49:09.463 [localhost-startStop-1] ContextLoader - Root WebApplicationContext: initialization completed in 6188 ms
[INFO ] 2016-12-04 01:00:27.977 [localhost-startStop-1] ContextLoader - Root WebApplicationContext: initialization completed in 15880 ms
[INFO ] 2016-12-04 01:02:28.668 [localhost-startStop-1] ContextLoader - Root WebApplicationContext: initialization completed in 11496 ms
[INFO ] 2016-12-04 01:03:47.290 [localhost-startStop-1] ContextLoader - Root WebApplicationContext: initialization completed in 9976 ms
[INFO ] 2016-12-04 01:03:54.379 [restartedMain] RequestMappingHandlerMapping - Mapped "{[/]}" onto public java.lang.String com.controllers.HomeController.goToIndex(org.springframework.ui.Model)
[INFO ] 2016-12-04 01:03:54.385 [restartedMain] RequestMappingHandlerMapping - Mapped "{[/error],methods=[GET]}" onto private java.lang.String com.controllers.LoginController.error()
[INFO ] 2016-12-04 01:03:54.385 [restartedMain] RequestMappingHandlerMapping - Mapped "{[/login],methods=[GET]}" onto private java.lang.String com.controllers.LoginController.login()
[INFO ] 2016-12-04 01:03:54.392 [restartedMain] RequestMappingHandlerMapping - Mapped "{[/error]}" onto public org.springframework.http.ResponseEntity<java.util.Map<java.lang.String, java.lang.Object>> org.springframework.boot.autoconfigure.web.BasicErrorController.error(javax.servlet.http.HttpServletRequest)
[INFO ] 2016-12-04 01:03:54.393 [restartedMain] RequestMappingHandlerMapping - Mapped "{[/error],produces=[text/html]}" onto public org.springframework.web.servlet.ModelAndView org.springframework.boot.autoconfigure.web.BasicErrorController.errorHtml(javax.servlet.http.HttpServletRequest,javax.servlet.http.HttpServletResponse)
[INFO ] 2016-12-04 01:03:54.579 [restartedMain] SimpleUrlHandlerMapping - Mapped URL path [/webjars/**] onto handler of type [class org.springframework.web.servlet.resource.ResourceHttpRequestHandler]
[INFO ] 2016-12-04 01:03:54.580 [restartedMain] SimpleUrlHandlerMapping - Mapped URL path [/**] onto handler of type [class org.springframework.web.servlet.resource.ResourceHttpRequestHandler]
[INFO ] 2016-12-04 01:03:55.382 [restartedMain] RequestMappingHandlerAdapter - Looking for @ControllerAdvice: org.springframework.boot.context.embedded.AnnotationConfigEmbeddedWebApplicationContext@63fd5cdf: startup date [Sun Dec 04 01:03:37 EET 2016]; root of context hierarchy
[INFO ] 2016-12-04 01:04:14.355 [http-nio-8080-exec-1] DispatcherServlet - FrameworkServlet 'dispatcherServlet': initialization started
[INFO ] 2016-12-04 01:04:14.397 [http-nio-8080-exec-1] DispatcherServlet - FrameworkServlet 'dispatcherServlet': initialization completed in 40 ms
[INFO ] 2016-12-04 01:08:42.468 [localhost-startStop-1] ContextLoader - Root WebApplicationContext: initialization completed in 5418 ms
[INFO ] 2016-12-04 01:08:45.335 [restartedMain] RequestMappingHandlerMapping - Mapped "{[/]}" onto public java.lang.String com.controllers.HomeController.goToIndex(org.springframework.ui.Model)
[INFO ] 2016-12-04 01:08:45.340 [restartedMain] RequestMappingHandlerMapping - Mapped "{[/error],methods=[GET]}" onto private java.lang.String com.controllers.LoginController.error()
[INFO ] 2016-12-04 01:08:45.340 [restartedMain] RequestMappingHandlerMapping - Mapped "{[/login],methods=[GET]}" onto private java.lang.String com.controllers.LoginController.login()
[INFO ] 2016-12-04 01:08:45.342 [restartedMain] RequestMappingHandlerMapping - Mapped "{[/error]}" onto public org.springframework.http.ResponseEntity<java.util.Map<java.lang.String, java.lang.Object>> org.springframework.boot.autoconfigure.web.BasicErrorController.error(javax.servlet.http.HttpServletRequest)
[INFO ] 2016-12-04 01:08:45.342 [restartedMain] RequestMappingHandlerMapping - Mapped "{[/error],produces=[text/html]}" onto public org.springframework.web.servlet.ModelAndView org.springframework.boot.autoconfigure.web.BasicErrorController.errorHtml(javax.servlet.http.HttpServletRequest,javax.servlet.http.HttpServletResponse)
[INFO ] 2016-12-04 01:08:45.435 [restartedMain] SimpleUrlHandlerMapping - Mapped URL path [/webjars/**] onto handler of type [class org.springframework.web.servlet.resource.ResourceHttpRequestHandler]
[INFO ] 2016-12-04 01:08:45.437 [restartedMain] SimpleUrlHandlerMapping - Mapped URL path [/**] onto handler of type [class org.springframework.web.servlet.resource.ResourceHttpRequestHandler]
[INFO ] 2016-12-04 01:08:45.495 [restartedMain] RequestMappingHandlerAdapter - Looking for @ControllerAdvice: org.springframework.boot.context.embedded.AnnotationConfigEmbeddedWebApplicationContext@41e4b09a: startup date [Sun Dec 04 01:08:37 EET 2016]; root of context hierarchy
[INFO ] 2016-12-04 01:08:58.197 [http-nio-8080-exec-1] DispatcherServlet - FrameworkServlet 'dispatcherServlet': initialization started
[INFO ] 2016-12-04 01:08:58.202 [http-nio-8080-exec-1] DispatcherServlet - FrameworkServlet 'dispatcherServlet': initialization completed in 5 ms
[INFO ] 2016-12-04 01:10:14.573 [localhost-startStop-1] ContextLoader - Root WebApplicationContext: initialization completed in 6281 ms
[INFO ] 2016-12-04 01:10:17.620 [restartedMain] RequestMappingHandlerMapping - Mapped "{[/]}" onto public java.lang.String com.controllers.HomeController.goToIndex(org.springframework.ui.Model)
[INFO ] 2016-12-04 01:10:17.660 [restartedMain] RequestMappingHandlerMapping - Mapped "{[/error],methods=[GET]}" onto private java.lang.String com.controllers.LoginController.error()
[INFO ] 2016-12-04 01:10:17.660 [restartedMain] RequestMappingHandlerMapping - Mapped "{[/login],methods=[GET]}" onto private java.lang.String com.controllers.LoginController.login()
[INFO ] 2016-12-04 01:10:17.662 [restartedMain] RequestMappingHandlerMapping - Mapped "{[/error]}" onto public org.springframework.http.ResponseEntity<java.util.Map<java.lang.String, java.lang.Object>> org.springframework.boot.autoconfigure.web.BasicErrorController.error(javax.servlet.http.HttpServletRequest)
[INFO ] 2016-12-04 01:10:17.662 [restartedMain] RequestMappingHandlerMapping - Mapped "{[/error],produces=[text/html]}" onto public org.springframework.web.servlet.ModelAndView org.springframework.boot.autoconfigure.web.BasicErrorController.errorHtml(javax.servlet.http.HttpServletRequest,javax.servlet.http.HttpServletResponse)
[INFO ] 2016-12-04 01:10:17.748 [restartedMain] SimpleUrlHandlerMapping - Mapped URL path [/webjars/**] onto handler of type [class org.springframework.web.servlet.resource.ResourceHttpRequestHandler]
[INFO ] 2016-12-04 01:10:17.748 [restartedMain] SimpleUrlHandlerMapping - Mapped URL path [/**] onto handler of type [class org.springframework.web.servlet.resource.ResourceHttpRequestHandler]
[INFO ] 2016-12-04 01:10:17.802 [restartedMain] RequestMappingHandlerAdapter - Looking for @ControllerAdvice: org.springframework.boot.context.embedded.AnnotationConfigEmbeddedWebApplicationContext@770c2096: startup date [Sun Dec 04 01:10:08 EET 2016]; root of context hierarchy
[INFO ] 2016-12-04 01:10:19.554 [http-nio-8080-exec-1] DispatcherServlet - FrameworkServlet 'dispatcherServlet': initialization started
[INFO ] 2016-12-04 01:10:19.560 [http-nio-8080-exec-1] DispatcherServlet - FrameworkServlet 'dispatcherServlet': initialization completed in 5 ms
[INFO ] 2016-12-04 01:10:46.026 [localhost-startStop-1] ContextLoader - Root WebApplicationContext: initialization completed in 10299 ms
[INFO ] 2016-12-04 01:10:53.430 [restartedMain] RequestMappingHandlerMapping - Mapped "{[/]}" onto public java.lang.String com.controllers.HomeController.goToIndex(org.springframework.ui.Model)
[INFO ] 2016-12-04 01:10:53.433 [restartedMain] RequestMappingHandlerMapping - Mapped "{[/error],methods=[GET]}" onto private java.lang.String com.controllers.LoginController.error()
[INFO ] 2016-12-04 01:10:53.433 [restartedMain] RequestMappingHandlerMapping - Mapped "{[/login],methods=[GET]}" onto private java.lang.String com.controllers.LoginController.login()
[INFO ] 2016-12-04 01:10:53.441 [restartedMain] RequestMappingHandlerMapping - Mapped "{[/error]}" onto public org.springframework.http.ResponseEntity<java.util.Map<java.lang.String, java.lang.Object>> org.springframework.boot.autoconfigure.web.BasicErrorController.error(javax.servlet.http.HttpServletRequest)
[INFO ] 2016-12-04 01:10:53.442 [restartedMain] RequestMappingHandlerMapping - Mapped "{[/error],produces=[text/html]}" onto public org.springframework.web.servlet.ModelAndView org.springframework.boot.autoconfigure.web.BasicErrorController.errorHtml(javax.servlet.http.HttpServletRequest,javax.servlet.http.HttpServletResponse)
[INFO ] 2016-12-04 01:10:53.757 [restartedMain] SimpleUrlHandlerMapping - Mapped URL path [/webjars/**] onto handler of type [class org.springframework.web.servlet.resource.ResourceHttpRequestHandler]
[INFO ] 2016-12-04 01:10:53.766 [restartedMain] SimpleUrlHandlerMapping - Mapped URL path [/**] onto handler of type [class org.springframework.web.servlet.resource.ResourceHttpRequestHandler]
[INFO ] 2016-12-04 01:10:53.984 [restartedMain] RequestMappingHandlerAdapter - Looking for @ControllerAdvice: org.springframework.boot.context.embedded.AnnotationConfigEmbeddedWebApplicationContext@57dd34d4: startup date [Sun Dec 04 01:10:35 EET 2016]; root of context hierarchy
[INFO ] 2016-12-04 01:11:04.059 [http-nio-8080-exec-1] DispatcherServlet - FrameworkServlet 'dispatcherServlet': initialization started
[INFO ] 2016-12-04 01:11:04.095 [http-nio-8080-exec-1] DispatcherServlet - FrameworkServlet 'dispatcherServlet': initialization completed in 36 ms
[INFO ] 2016-12-04 01:15:42.013 [localhost-startStop-1] ContextLoader - Root WebApplicationContext: initialization completed in 8070 ms
[INFO ] 2016-12-04 01:15:46.112 [restartedMain] RequestMappingHandlerMapping - Mapped "{[/]}" onto public java.lang.String com.controllers.HomeController.goToIndex(org.springframework.ui.Model)
[INFO ] 2016-12-04 01:15:46.115 [restartedMain] RequestMappingHandlerMapping - Mapped "{[/error],methods=[GET]}" onto private java.lang.String com.controllers.LoginController.error()
[INFO ] 2016-12-04 01:15:46.116 [restartedMain] RequestMappingHandlerMapping - Mapped "{[/login],methods=[GET]}" onto private java.lang.String com.controllers.LoginController.login()
[INFO ] 2016-12-04 01:15:46.116 [restartedMain] RequestMappingHandlerMapping - Mapped "{[/signup],methods=[GET]}" onto private java.lang.String com.controllers.LoginController.signup()
[INFO ] 2016-12-04 01:15:46.118 [restartedMain] RequestMappingHandlerMapping - Mapped "{[/error]}" onto public org.springframework.http.ResponseEntity<java.util.Map<java.lang.String, java.lang.Object>> org.springframework.boot.autoconfigure.web.BasicErrorController.error(javax.servlet.http.HttpServletRequest)
[INFO ] 2016-12-04 01:15:46.119 [restartedMain] RequestMappingHandlerMapping - Mapped "{[/error],produces=[text/html]}" onto public org.springframework.web.servlet.ModelAndView org.springframework.boot.autoconfigure.web.BasicErrorController.errorHtml(javax.servlet.http.HttpServletRequest,javax.servlet.http.HttpServletResponse)
[INFO ] 2016-12-04 01:15:46.222 [restartedMain] SimpleUrlHandlerMapping - Mapped URL path [/webjars/**] onto handler of type [class org.springframework.web.servlet.resource.ResourceHttpRequestHandler]
[INFO ] 2016-12-04 01:15:46.222 [restartedMain] SimpleUrlHandlerMapping - Mapped URL path [/**] onto handler of type [class org.springframework.web.servlet.resource.ResourceHttpRequestHandler]
[INFO ] 2016-12-04 01:15:46.291 [restartedMain] RequestMappingHandlerAdapter - Looking for @ControllerAdvice: org.springframework.boot.context.embedded.AnnotationConfigEmbeddedWebApplicationContext@327fccf0: startup date [Sun Dec 04 01:15:33 EET 2016]; root of context hierarchy
[INFO ] 2016-12-04 01:15:56.004 [http-nio-8080-exec-1] DispatcherServlet - FrameworkServlet 'dispatcherServlet': initialization started
[INFO ] 2016-12-04 01:15:56.013 [http-nio-8080-exec-1] DispatcherServlet - FrameworkServlet 'dispatcherServlet': initialization completed in 9 ms
[INFO ] 2016-12-04 01:16:20.351 [localhost-startStop-1] ContextLoader - Root WebApplicationContext: initialization completed in 9866 ms
[INFO ] 2016-12-04 01:16:27.039 [restartedMain] RequestMappingHandlerMapping - Mapped "{[/]}" onto public java.lang.String com.controllers.HomeController.goToIndex(org.springframework.ui.Model)
[INFO ] 2016-12-04 01:16:27.043 [restartedMain] RequestMappingHandlerMapping - Mapped "{[/error],methods=[GET]}" onto private java.lang.String com.controllers.LoginController.error()
[INFO ] 2016-12-04 01:16:27.043 [restartedMain] RequestMappingHandlerMapping - Mapped "{[/login],methods=[GET]}" onto private java.lang.String com.controllers.LoginController.login()
[INFO ] 2016-12-04 01:16:27.044 [restartedMain] RequestMappingHandlerMapping - Mapped "{[/signup],methods=[GET]}" onto private java.lang.String com.controllers.LoginController.signup()
[INFO ] 2016-12-04 01:16:27.049 [restartedMain] RequestMappingHandlerMapping - Mapped "{[/error]}" onto public org.springframework.http.ResponseEntity<java.util.Map<java.lang.String, java.lang.Object>> org.springframework.boot.autoconfigure.web.BasicErrorController.error(javax.servlet.http.HttpServletRequest)
[INFO ] 2016-12-04 01:16:27.050 [restartedMain] RequestMappingHandlerMapping - Mapped "{[/error],produces=[text/html]}" onto public org.springframework.web.servlet.ModelAndView org.springframework.boot.autoconfigure.web.BasicErrorController.errorHtml(javax.servlet.http.HttpServletRequest,javax.servlet.http.HttpServletResponse)
[INFO ] 2016-12-04 01:16:27.227 [restartedMain] SimpleUrlHandlerMapping - Mapped URL path [/webjars/**] onto handler of type [class org.springframework.web.servlet.resource.ResourceHttpRequestHandler]
[INFO ] 2016-12-04 01:16:27.227 [restartedMain] SimpleUrlHandlerMapping - Mapped URL path [/**] onto handler of type [class org.springframework.web.servlet.resource.ResourceHttpRequestHandler]
[INFO ] 2016-12-04 01:16:27.439 [restartedMain] RequestMappingHandlerAdapter - Looking for @ControllerAdvice: org.springframework.boot.context.embedded.AnnotationConfigEmbeddedWebApplicationContext@63fd5cdf: startup date [Sun Dec 04 01:16:10 EET 2016]; root of context hierarchy
[INFO ] 2016-12-04 01:16:39.548 [http-nio-8080-exec-1] DispatcherServlet - FrameworkServlet 'dispatcherServlet': initialization started
[INFO ] 2016-12-04 01:16:39.584 [http-nio-8080-exec-1] DispatcherServlet - FrameworkServlet 'dispatcherServlet': initialization completed in 35 ms
[INFO ] 2016-12-04 01:20:50.038 [localhost-startStop-1] ContextLoader - Root WebApplicationContext: initialization completed in 7836 ms
[INFO ] 2016-12-04 01:20:52.944 [restartedMain] RequestMappingHandlerMapping - Mapped "{[/]}" onto public java.lang.String com.controllers.HomeController.goToIndex(org.springframework.ui.Model)
[INFO ] 2016-12-04 01:20:52.946 [restartedMain] RequestMappingHandlerMapping - Mapped "{[/error],methods=[GET]}" onto private java.lang.String com.controllers.LoginController.error()
[INFO ] 2016-12-04 01:20:52.946 [restartedMain] RequestMappingHandlerMapping - Mapped "{[/login],methods=[GET]}" onto private java.lang.String com.controllers.LoginController.login()
[INFO ] 2016-12-04 01:20:52.946 [restartedMain] RequestMappingHandlerMapping - Mapped "{[/signup],methods=[GET]}" onto private java.lang.String com.controllers.LoginController.signup()
[INFO ] 2016-12-04 01:20:52.948 [restartedMain] RequestMappingHandlerMapping - Mapped "{[/error]}" onto public org.springframework.http.ResponseEntity<java.util.Map<java.lang.String, java.lang.Object>> org.springframework.boot.autoconfigure.web.BasicErrorController.error(javax.servlet.http.HttpServletRequest)
[INFO ] 2016-12-04 01:20:52.948 [restartedMain] RequestMappingHandlerMapping - Mapped "{[/error],produces=[text/html]}" onto public org.springframework.web.servlet.ModelAndView org.springframework.boot.autoconfigure.web.BasicErrorController.errorHtml(javax.servlet.http.HttpServletRequest,javax.servlet.http.HttpServletResponse)
[INFO ] 2016-12-04 01:20:53.028 [restartedMain] SimpleUrlHandlerMapping - Mapped URL path [/webjars/**] onto handler of type [class org.springframework.web.servlet.resource.ResourceHttpRequestHandler]
[INFO ] 2016-12-04 01:20:53.028 [restartedMain] SimpleUrlHandlerMapping - Mapped URL path [/**] onto handler of type [class org.springframework.web.servlet.resource.ResourceHttpRequestHandler]
[INFO ] 2016-12-04 01:20:53.085 [restartedMain] RequestMappingHandlerAdapter - Looking for @ControllerAdvice: org.springframework.boot.context.embedded.AnnotationConfigEmbeddedWebApplicationContext@257e7557: startup date [Sun Dec 04 01:20:42 EET 2016]; root of context hierarchy
[INFO ] 2016-12-04 01:20:58.923 [http-nio-8080-exec-1] DispatcherServlet - FrameworkServlet 'dispatcherServlet': initialization started
[INFO ] 2016-12-04 01:20:58.928 [http-nio-8080-exec-1] DispatcherServlet - FrameworkServlet 'dispatcherServlet': initialization completed in 5 ms
[INFO ] 2016-12-04 01:21:50.323 [localhost-startStop-1] ContextLoader - Root WebApplicationContext: initialization completed in 5801 ms
[INFO ] 2016-12-04 01:21:52.781 [restartedMain] RequestMappingHandlerMapping - Mapped "{[/]}" onto public java.lang.String com.controllers.HomeController.goToIndex(org.springframework.ui.Model)
[INFO ] 2016-12-04 01:21:52.782 [restartedMain] RequestMappingHandlerMapping - Mapped "{[/error],methods=[GET]}" onto private java.lang.String com.controllers.LoginController.error()
[INFO ] 2016-12-04 01:21:52.782 [restartedMain] RequestMappingHandlerMapping - Mapped "{[/login],methods=[GET]}" onto private java.lang.String com.controllers.LoginController.login()
[INFO ] 2016-12-04 01:21:52.782 [restartedMain] RequestMappingHandlerMapping - Mapped "{[/signup],methods=[GET]}" onto private java.lang.String com.controllers.LoginController.signup()
[INFO ] 2016-12-04 01:21:52.784 [restartedMain] RequestMappingHandlerMapping - Mapped "{[/error]}" onto public org.springframework.http.ResponseEntity<java.util.Map<java.lang.String, java.lang.Object>> org.springframework.boot.autoconfigure.web.BasicErrorController.error(javax.servlet.http.HttpServletRequest)
[INFO ] 2016-12-04 01:21:52.784 [restartedMain] RequestMappingHandlerMapping - Mapped "{[/error],produces=[text/html]}" onto public org.springframework.web.servlet.ModelAndView org.springframework.boot.autoconfigure.web.BasicErrorController.errorHtml(javax.servlet.http.HttpServletRequest,javax.servlet.http.HttpServletResponse)
[INFO ] 2016-12-04 01:21:52.863 [restartedMain] SimpleUrlHandlerMapping - Mapped URL path [/webjars/**] onto handler of type [class org.springframework.web.servlet.resource.ResourceHttpRequestHandler]
[INFO ] 2016-12-04 01:21:52.863 [restartedMain] SimpleUrlHandlerMapping - Mapped URL path [/**] onto handler of type [class org.springframework.web.servlet.resource.ResourceHttpRequestHandler]
[INFO ] 2016-12-04 01:21:52.916 [restartedMain] RequestMappingHandlerAdapter - Looking for @ControllerAdvice: org.springframework.boot.context.embedded.AnnotationConfigEmbeddedWebApplicationContext@2a981e64: startup date [Sun Dec 04 01:21:44 EET 2016]; root of context hierarchy
[INFO ] 2016-12-04 01:21:57.322 [http-nio-8080-exec-1] DispatcherServlet - FrameworkServlet 'dispatcherServlet': initialization started
[INFO ] 2016-12-04 01:21:57.326 [http-nio-8080-exec-1] DispatcherServlet - FrameworkServlet 'dispatcherServlet': initialization completed in 4 ms
[INFO ] 2016-12-04 01:26:31.313 [localhost-startStop-1] ContextLoader - Root WebApplicationContext: initialization completed in 4333 ms
[INFO ] 2016-12-04 01:26:35.213 [restartedMain] RequestMappingHandlerMapping - Mapped "{[/]}" onto public java.lang.String com.controllers.HomeController.goToIndex(org.springframework.ui.Model)
[INFO ] 2016-12-04 01:26:35.214 [restartedMain] RequestMappingHandlerMapping - Mapped "{[/error],methods=[GET]}" onto private java.lang.String com.controllers.LoginController.error()
[INFO ] 2016-12-04 01:26:35.214 [restartedMain] RequestMappingHandlerMapping - Mapped "{[/login],methods=[GET]}" onto private java.lang.String com.controllers.LoginController.login()
[INFO ] 2016-12-04 01:26:35.214 [restartedMain] RequestMappingHandlerMapping - Mapped "{[/signup],methods=[GET]}" onto private java.lang.String com.controllers.LoginController.signup()
[INFO ] 2016-12-04 01:26:35.215 [restartedMain] RequestMappingHandlerMapping - Mapped "{[/error]}" onto public org.springframework.http.ResponseEntity<java.util.Map<java.lang.String, java.lang.Object>> org.springframework.boot.autoconfigure.web.BasicErrorController.error(javax.servlet.http.HttpServletRequest)
[INFO ] 2016-12-04 01:26:35.216 [restartedMain] RequestMappingHandlerMapping - Mapped "{[/error],produces=[text/html]}" onto public org.springframework.web.servlet.ModelAndView org.springframework.boot.autoconfigure.web.BasicErrorController.errorHtml(javax.servlet.http.HttpServletRequest,javax.servlet.http.HttpServletResponse)
[INFO ] 2016-12-04 01:26:35.296 [restartedMain] SimpleUrlHandlerMapping - Mapped URL path [/webjars/**] onto handler of type [class org.springframework.web.servlet.resource.ResourceHttpRequestHandler]
[INFO ] 2016-12-04 01:26:35.296 [restartedMain] SimpleUrlHandlerMapping - Mapped URL path [/**] onto handler of type [class org.springframework.web.servlet.resource.ResourceHttpRequestHandler]
[INFO ] 2016-12-04 01:26:35.525 [restartedMain] RequestMappingHandlerAdapter - Looking for @ControllerAdvice: org.springframework.boot.context.embedded.AnnotationConfigEmbeddedWebApplicationContext@7e3eaad6: startup date [Sun Dec 04 01:26:26 EET 2016]; root of context hierarchy
[INFO ] 2016-12-04 01:26:37.307 [http-nio-8080-exec-1] DispatcherServlet - FrameworkServlet 'dispatcherServlet': initialization started
[INFO ] 2016-12-04 01:26:37.311 [http-nio-8080-exec-1] DispatcherServlet - FrameworkServlet 'dispatcherServlet': initialization completed in 4 ms
[INFO ] 2016-12-04 01:28:36.785 [localhost-startStop-1] ContextLoader - Root WebApplicationContext: initialization completed in 11761 ms
[INFO ] 2016-12-04 01:28:43.919 [restartedMain] RequestMappingHandlerMapping - Mapped "{[/]}" onto public java.lang.String com.controllers.HomeController.goToIndex(org.springframework.ui.Model)
[INFO ] 2016-12-04 01:28:43.923 [restartedMain] RequestMappingHandlerMapping - Mapped "{[/error],methods=[GET]}" onto private java.lang.String com.controllers.LoginController.error()
[INFO ] 2016-12-04 01:28:43.923 [restartedMain] RequestMappingHandlerMapping - Mapped "{[/signup],methods=[GET]}" onto private java.lang.String com.controllers.LoginController.signup()
[INFO ] 2016-12-04 01:28:43.923 [restartedMain] RequestMappingHandlerMapping - Mapped "{[/login],methods=[GET]}" onto private java.lang.String com.controllers.LoginController.login()
[INFO ] 2016-12-04 01:28:43.929 [restartedMain] RequestMappingHandlerMapping - Mapped "{[/error]}" onto public org.springframework.http.ResponseEntity<java.util.Map<java.lang.String, java.lang.Object>> org.springframework.boot.autoconfigure.web.BasicErrorController.error(javax.servlet.http.HttpServletRequest)
[INFO ] 2016-12-04 01:28:43.930 [restartedMain] RequestMappingHandlerMapping - Mapped "{[/error],produces=[text/html]}" onto public org.springframework.web.servlet.ModelAndView org.springframework.boot.autoconfigure.web.BasicErrorController.errorHtml(javax.servlet.http.HttpServletRequest,javax.servlet.http.HttpServletResponse)
[INFO ] 2016-12-04 01:28:44.102 [restartedMain] SimpleUrlHandlerMapping - Mapped URL path [/webjars/**] onto handler of type [class org.springframework.web.servlet.resource.ResourceHttpRequestHandler]
[INFO ] 2016-12-04 01:28:44.103 [restartedMain] SimpleUrlHandlerMapping - Mapped URL path [/**] onto handler of type [class org.springframework.web.servlet.resource.ResourceHttpRequestHandler]
[INFO ] 2016-12-04 01:28:44.368 [restartedMain] RequestMappingHandlerAdapter - Looking for @ControllerAdvice: org.springframework.boot.context.embedded.AnnotationConfigEmbeddedWebApplicationContext@7a263906: startup date [Sun Dec 04 01:28:25 EET 2016]; root of context hierarchy
[INFO ] 2016-12-04 01:32:51.229 [http-nio-8080-exec-1] DispatcherServlet - FrameworkServlet 'dispatcherServlet': initialization started
[INFO ] 2016-12-04 01:32:51.299 [http-nio-8080-exec-1] DispatcherServlet - FrameworkServlet 'dispatcherServlet': initialization completed in 70 ms
[INFO ] 2016-12-04 01:35:17.615 [localhost-startStop-1] ContextLoader - Root WebApplicationContext: initialization completed in 7848 ms
[INFO ] 2016-12-04 01:35:20.897 [restartedMain] RequestMappingHandlerMapping - Mapped "{[/]}" onto public java.lang.String com.controllers.HomeController.goToIndex(org.springframework.ui.Model)
[INFO ] 2016-12-04 01:35:20.898 [restartedMain] RequestMappingHandlerMapping - Mapped "{[/error],methods=[GET]}" onto private java.lang.String com.controllers.LoginController.error()
[INFO ] 2016-12-04 01:35:20.899 [restartedMain] RequestMappingHandlerMapping - Mapped "{[/signup],methods=[GET]}" onto private java.lang.String com.controllers.LoginController.signup()
[INFO ] 2016-12-04 01:35:20.899 [restartedMain] RequestMappingHandlerMapping - Mapped "{[/login],methods=[GET]}" onto private java.lang.String com.controllers.LoginController.login()
[INFO ] 2016-12-04 01:35:20.901 [restartedMain] RequestMappingHandlerMapping - Mapped "{[/error]}" onto public org.springframework.http.ResponseEntity<java.util.Map<java.lang.String, java.lang.Object>> org.springframework.boot.autoconfigure.web.BasicErrorController.error(javax.servlet.http.HttpServletRequest)
[INFO ] 2016-12-04 01:35:20.901 [restartedMain] RequestMappingHandlerMapping - Mapped "{[/error],produces=[text/html]}" onto public org.springframework.web.servlet.ModelAndView org.springframework.boot.autoconfigure.web.BasicErrorController.errorHtml(javax.servlet.http.HttpServletRequest,javax.servlet.http.HttpServletResponse)
[INFO ] 2016-12-04 01:35:21.093 [restartedMain] SimpleUrlHandlerMapping - Mapped URL path [/webjars/**] onto handler of type [class org.springframework.web.servlet.resource.ResourceHttpRequestHandler]
[INFO ] 2016-12-04 01:35:21.093 [restartedMain] SimpleUrlHandlerMapping - Mapped URL path [/**] onto handler of type [class org.springframework.web.servlet.resource.ResourceHttpRequestHandler]
[INFO ] 2016-12-04 01:35:21.227 [restartedMain] RequestMappingHandlerAdapter - Looking for @ControllerAdvice: org.springframework.boot.context.embedded.AnnotationConfigEmbeddedWebApplicationContext@1cccec2c: startup date [Sun Dec 04 01:35:09 EET 2016]; root of context hierarchy
[INFO ] 2016-12-04 01:35:26.053 [http-nio-8080-exec-1] DispatcherServlet - FrameworkServlet 'dispatcherServlet': initialization started
[INFO ] 2016-12-04 01:35:26.061 [http-nio-8080-exec-1] DispatcherServlet - FrameworkServlet 'dispatcherServlet': initialization completed in 5 ms
[INFO ] 2016-12-04 01:36:08.545 [localhost-startStop-1] ContextLoader - Root WebApplicationContext: initialization completed in 5096 ms
[INFO ] 2016-12-04 01:36:11.811 [restartedMain] RequestMappingHandlerMapping - Mapped "{[/]}" onto public java.lang.String com.controllers.HomeController.goToIndex(org.springframework.ui.Model)
[INFO ] 2016-12-04 01:36:11.812 [restartedMain] RequestMappingHandlerMapping - Mapped "{[/error],methods=[GET]}" onto private java.lang.String com.controllers.LoginController.error()
[INFO ] 2016-12-04 01:36:11.812 [restartedMain] RequestMappingHandlerMapping - Mapped "{[/signup],methods=[GET]}" onto private java.lang.String com.controllers.LoginController.signup()
[INFO ] 2016-12-04 01:36:11.812 [restartedMain] RequestMappingHandlerMapping - Mapped "{[/login],methods=[GET]}" onto private java.lang.String com.controllers.LoginController.login()
[INFO ] 2016-12-04 01:36:11.816 [restartedMain] RequestMappingHandlerMapping - Mapped "{[/error]}" onto public org.springframework.http.ResponseEntity<java.util.Map<java.lang.String, java.lang.Object>> org.springframework.boot.autoconfigure.web.BasicErrorController.error(javax.servlet.http.HttpServletRequest)
[INFO ] 2016-12-04 01:36:11.816 [restartedMain] RequestMappingHandlerMapping - Mapped "{[/error],produces=[text/html]}" onto public org.springframework.web.servlet.ModelAndView org.springframework.boot.autoconfigure.web.BasicErrorController.errorHtml(javax.servlet.http.HttpServletRequest,javax.servlet.http.HttpServletResponse)
[INFO ] 2016-12-04 01:36:11.921 [restartedMain] SimpleUrlHandlerMapping - Mapped URL path [/webjars/**] onto handler of type [class org.springframework.web.servlet.resource.ResourceHttpRequestHandler]
[INFO ] 2016-12-04 01:36:11.921 [restartedMain] SimpleUrlHandlerMapping - Mapped URL path [/**] onto handler of type [class org.springframework.web.servlet.resource.ResourceHttpRequestHandler]
[INFO ] 2016-12-04 01:36:11.975 [restartedMain] RequestMappingHandlerAdapter - Looking for @ControllerAdvice: org.springframework.boot.context.embedded.AnnotationConfigEmbeddedWebApplicationContext@5f3e722c: startup date [Sun Dec 04 01:36:03 EET 2016]; root of context hierarchy
[INFO ] 2016-12-04 01:36:21.241 [http-nio-8080-exec-1] DispatcherServlet - FrameworkServlet 'dispatcherServlet': initialization started
[INFO ] 2016-12-04 01:36:21.252 [http-nio-8080-exec-1] DispatcherServlet - FrameworkServlet 'dispatcherServlet': initialization completed in 5 ms
[INFO ] 2016-12-04 01:37:19.284 [localhost-startStop-1] ContextLoader - Root WebApplicationContext: initialization completed in 3921 ms
[INFO ] 2016-12-04 01:37:22.612 [restartedMain] RequestMappingHandlerMapping - Mapped "{[/]}" onto public java.lang.String com.controllers.HomeController.goToIndex(org.springframework.ui.Model)
[INFO ] 2016-12-04 01:37:22.612 [restartedMain] RequestMappingHandlerMapping - Mapped "{[/error],methods=[GET]}" onto private java.lang.String com.controllers.LoginController.error()
[INFO ] 2016-12-04 01:37:22.612 [restartedMain] RequestMappingHandlerMapping - Mapped "{[/signup],methods=[GET]}" onto private java.lang.String com.controllers.LoginController.signup()
[INFO ] 2016-12-04 01:37:22.613 [restartedMain] RequestMappingHandlerMapping - Mapped "{[/login],methods=[GET]}" onto private java.lang.String com.controllers.LoginController.login()
[INFO ] 2016-12-04 01:37:22.614 [restartedMain] RequestMappingHandlerMapping - Mapped "{[/error]}" onto public org.springframework.http.ResponseEntity<java.util.Map<java.lang.String, java.lang.Object>> org.springframework.boot.autoconfigure.web.BasicErrorController.error(javax.servlet.http.HttpServletRequest)
[INFO ] 2016-12-04 01:37:22.614 [restartedMain] RequestMappingHandlerMapping - Mapped "{[/error],produces=[text/html]}" onto public org.springframework.web.servlet.ModelAndView org.springframework.boot.autoconfigure.web.BasicErrorController.errorHtml(javax.servlet.http.HttpServletRequest,javax.servlet.http.HttpServletResponse)
[INFO ] 2016-12-04 01:37:22.691 [restartedMain] SimpleUrlHandlerMapping - Mapped URL path [/webjars/**] onto handler of type [class org.springframework.web.servlet.resource.ResourceHttpRequestHandler]
[INFO ] 2016-12-04 01:37:22.691 [restartedMain] SimpleUrlHandlerMapping - Mapped URL path [/**] onto handler of type [class org.springframework.web.servlet.resource.ResourceHttpRequestHandler]
[INFO ] 2016-12-04 01:37:22.740 [restartedMain] RequestMappingHandlerAdapter - Looking for @ControllerAdvice: org.springframework.boot.context.embedded.AnnotationConfigEmbeddedWebApplicationContext@5f161d: startup date [Sun Dec 04 01:37:15 EET 2016]; root of context hierarchy
[INFO ] 2016-12-04 01:40:19.412 [localhost-startStop-1] ContextLoader - Root WebApplicationContext: initialization completed in 11625 ms
[INFO ] 2016-12-04 01:40:32.241 [restartedMain] RequestMappingHandlerMapping - Mapped "{[/]}" onto public java.lang.String com.controllers.HomeController.goToIndex(org.springframework.ui.Model)
[INFO ] 2016-12-04 01:40:32.247 [restartedMain] RequestMappingHandlerMapping - Mapped "{[/error],methods=[GET]}" onto private java.lang.String com.controllers.LoginController.error()
[INFO ] 2016-12-04 01:40:32.247 [restartedMain] RequestMappingHandlerMapping - Mapped "{[/signup],methods=[GET]}" onto private java.lang.String com.controllers.LoginController.signup()
[INFO ] 2016-12-04 01:40:32.248 [restartedMain] RequestMappingHandlerMapping - Mapped "{[/login],methods=[GET]}" onto private java.lang.String com.controllers.LoginController.login()
[INFO ] 2016-12-04 01:40:32.255 [restartedMain] RequestMappingHandlerMapping - Mapped "{[/error]}" onto public org.springframework.http.ResponseEntity<java.util.Map<java.lang.String, java.lang.Object>> org.springframework.boot.autoconfigure.web.BasicErrorController.error(javax.servlet.http.HttpServletRequest)
[INFO ] 2016-12-04 01:40:32.256 [restartedMain] RequestMappingHandlerMapping - Mapped "{[/error],produces=[text/html]}" onto public org.springframework.web.servlet.ModelAndView org.springframework.boot.autoconfigure.web.BasicErrorController.errorHtml(javax.servlet.http.HttpServletRequest,javax.servlet.http.HttpServletResponse)
[INFO ] 2016-12-04 01:40:32.381 [restartedMain] SimpleUrlHandlerMapping - Mapped URL path [/webjars/**] onto handler of type [class org.springframework.web.servlet.resource.ResourceHttpRequestHandler]
[INFO ] 2016-12-04 01:40:32.381 [restartedMain] SimpleUrlHandlerMapping - Mapped URL path [/**] onto handler of type [class org.springframework.web.servlet.resource.ResourceHttpRequestHandler]
[INFO ] 2016-12-04 01:40:33.321 [restartedMain] RequestMappingHandlerAdapter - Looking for @ControllerAdvice: org.springframework.boot.context.embedded.AnnotationConfigEmbeddedWebApplicationContext@57dd34d4: startup date [Sun Dec 04 01:40:07 EET 2016]; root of context hierarchy
[INFO ] 2016-12-04 01:41:01.212 [http-nio-8080-exec-1] DispatcherServlet - FrameworkServlet 'dispatcherServlet': initialization started
[INFO ] 2016-12-04 01:41:01.242 [http-nio-8080-exec-1] DispatcherServlet - FrameworkServlet 'dispatcherServlet': initialization completed in 30 ms
[INFO ] 2016-12-04 01:41:45.649 [localhost-startStop-1] ContextLoader - Root WebApplicationContext: initialization completed in 6479 ms
[INFO ] 2016-12-04 01:41:49.599 [restartedMain] RequestMappingHandlerMapping - Mapped "{[/]}" onto public java.lang.String com.controllers.HomeController.goToIndex(org.springframework.ui.Model)
[INFO ] 2016-12-04 01:41:49.601 [restartedMain] RequestMappingHandlerMapping - Mapped "{[/error],methods=[GET]}" onto private java.lang.String com.controllers.LoginController.error()
[INFO ] 2016-12-04 01:41:49.601 [restartedMain] RequestMappingHandlerMapping - Mapped "{[/signup],methods=[GET]}" onto private java.lang.String com.controllers.LoginController.signup()
[INFO ] 2016-12-04 01:41:49.601 [restartedMain] RequestMappingHandlerMapping - Mapped "{[/login],methods=[GET]}" onto private java.lang.String com.controllers.LoginController.login()
[INFO ] 2016-12-04 01:41:49.604 [restartedMain] RequestMappingHandlerMapping - Mapped "{[/error]}" onto public org.springframework.http.ResponseEntity<java.util.Map<java.lang.String, java.lang.Object>> org.springframework.boot.autoconfigure.web.BasicErrorController.error(javax.servlet.http.HttpServletRequest)
[INFO ] 2016-12-04 01:41:49.604 [restartedMain] RequestMappingHandlerMapping - Mapped "{[/error],produces=[text/html]}" onto public org.springframework.web.servlet.ModelAndView org.springframework.boot.autoconfigure.web.BasicErrorController.errorHtml(javax.servlet.http.HttpServletRequest,javax.servlet.http.HttpServletResponse)
[INFO ] 2016-12-04 01:41:49.686 [restartedMain] SimpleUrlHandlerMapping - Mapped URL path [/webjars/**] onto handler of type [class org.springframework.web.servlet.resource.ResourceHttpRequestHandler]
[INFO ] 2016-12-04 01:41:49.686 [restartedMain] SimpleUrlHandlerMapping - Mapped URL path [/**] onto handler of type [class org.springframework.web.servlet.resource.ResourceHttpRequestHandler]
[INFO ] 2016-12-04 01:41:49.762 [restartedMain] RequestMappingHandlerAdapter - Looking for @ControllerAdvice: org.springframework.boot.context.embedded.AnnotationConfigEmbeddedWebApplicationContext@788bb74c: startup date [Sun Dec 04 01:41:39 EET 2016]; root of context hierarchy
[INFO ] 2016-12-04 01:41:59.559 [http-nio-8080-exec-1] DispatcherServlet - FrameworkServlet 'dispatcherServlet': initialization started
[INFO ] 2016-12-04 01:41:59.586 [http-nio-8080-exec-1] DispatcherServlet - FrameworkServlet 'dispatcherServlet': initialization completed in 27 ms
[INFO ] 2016-12-04 01:42:24.755 [localhost-startStop-1] ContextLoader - Root WebApplicationContext: initialization completed in 10370 ms
[INFO ] 2016-12-04 01:42:31.777 [restartedMain] RequestMappingHandlerMapping - Mapped "{[/]}" onto public java.lang.String com.controllers.HomeController.goToIndex(org.springframework.ui.Model)
[INFO ] 2016-12-04 01:42:31.782 [restartedMain] RequestMappingHandlerMapping - Mapped "{[/error],methods=[GET]}" onto private java.lang.String com.controllers.LoginController.error()
[INFO ] 2016-12-04 01:42:31.782 [restartedMain] RequestMappingHandlerMapping - Mapped "{[/login],methods=[GET]}" onto private java.lang.String com.controllers.LoginController.login()
[INFO ] 2016-12-04 01:42:31.782 [restartedMain] RequestMappingHandlerMapping - Mapped "{[/signup],methods=[GET]}" onto private java.lang.String com.controllers.LoginController.signup()
[INFO ] 2016-12-04 01:42:31.788 [restartedMain] RequestMappingHandlerMapping - Mapped "{[/error]}" onto public org.springframework.http.ResponseEntity<java.util.Map<java.lang.String, java.lang.Object>> org.springframework.boot.autoconfigure.web.BasicErrorController.error(javax.servlet.http.HttpServletRequest)
[INFO ] 2016-12-04 01:42:31.789 [restartedMain] RequestMappingHandlerMapping - Mapped "{[/error],produces=[text/html]}" onto public org.springframework.web.servlet.ModelAndView org.springframework.boot.autoconfigure.web.BasicErrorController.errorHtml(javax.servlet.http.HttpServletRequest,javax.servlet.http.HttpServletResponse)
[INFO ] 2016-12-04 01:42:32.020 [restartedMain] SimpleUrlHandlerMapping - Mapped URL path [/webjars/**] onto handler of type [class org.springframework.web.servlet.resource.ResourceHttpRequestHandler]
[INFO ] 2016-12-04 01:42:32.021 [restartedMain] SimpleUrlHandlerMapping - Mapped URL path [/**] onto handler of type [class org.springframework.web.servlet.resource.ResourceHttpRequestHandler]
[INFO ] 2016-12-04 01:42:32.351 [restartedMain] RequestMappingHandlerAdapter - Looking for @ControllerAdvice: org.springframework.boot.context.embedded.AnnotationConfigEmbeddedWebApplicationContext@57dd34d4: startup date [Sun Dec 04 01:42:14 EET 2016]; root of context hierarchy
[INFO ] 2016-12-04 01:43:16.140 [http-nio-8080-exec-1] DispatcherServlet - FrameworkServlet 'dispatcherServlet': initialization started
[INFO ] 2016-12-04 01:43:16.179 [http-nio-8080-exec-1] DispatcherServlet - FrameworkServlet 'dispatcherServlet': initialization completed in 39 ms
